<?xml version="1.0" encoding="UTF-8"?>
<testng-results ignored="0" total="1" passed="1" failed="0" skipped="0">
  <reporter-output>
  </reporter-output>
  <suite started-at="2023-02-28T10:13:43 IST" name="Default suite" finished-at="2023-02-28T10:14:19 IST" duration-ms="35624">
    <groups>
    </groups>
    <test started-at="2023-02-28T10:13:43 IST" name="Default test" finished-at="2023-02-28T10:14:19 IST" duration-ms="35624">
      <class name="com.demoweb.com.demoweb.Main">
        <test-method is-config="true" signature="BC()[pri:0, instance:com.demoweb.com.demoweb.Main@28f3b248]" started-at="2023-02-28T10:13:43 IST" name="BC" finished-at="2023-02-28T10:13:46 IST" duration-ms="2888" status="PASS">
          <reporter-output>
          </reporter-output>
        </test-method> <!-- BC -->
        <test-method is-config="true" signature="BM()[pri:0, instance:com.demoweb.com.demoweb.Main@28f3b248]" started-at="2023-02-28T10:13:46 IST" name="BM" finished-at="2023-02-28T10:13:52 IST" duration-ms="5495" status="PASS">
          <reporter-output>
          </reporter-output>
        </test-method> <!-- BM -->
        <test-method signature="script()[pri:0, instance:com.demoweb.com.demoweb.Main@28f3b248]" started-at="2023-02-28T10:13:52 IST" name="script" finished-at="2023-02-28T10:14:18 IST" duration-ms="26369" status="PASS">
          <reporter-output>
          </reporter-output>
        </test-method> <!-- script -->
        <test-method is-config="true" signature="AM()[pri:0, instance:com.demoweb.com.demoweb.Main@28f3b248]" started-at="2023-02-28T10:14:18 IST" name="AM" finished-at="2023-02-28T10:14:18 IST" duration-ms="1" status="PASS">
          <reporter-output>
          </reporter-output>
        </test-method> <!-- AM -->
        <test-method is-config="true" signature="AC()[pri:0, instance:com.demoweb.com.demoweb.Main@28f3b248]" started-at="2023-02-28T10:14:18 IST" name="AC" finished-at="2023-02-28T10:14:19 IST" duration-ms="793" status="PASS">
          <reporter-output>
          </reporter-output>
        </test-method> <!-- AC -->
      </class> <!-- com.demoweb.com.demoweb.Main -->
    </test> <!-- Default test -->
  </suite> <!-- Default suite -->
</testng-results>
